2024-08-14 20:09:13 INFO  Log:11 - =====================================Banner Test TEST START=========================================
2024-08-14 20:09:15 INFO  Log:15 - =====================================wishListTest TEST END=========================================
2024-08-14 20:09:58 INFO  Log:11 - =====================================verifyLogo TEST START=========================================
2024-08-14 20:09:58 INFO  Log:15 - =====================================verifyLogo TEST END=========================================
2024-08-14 20:10:49 INFO  Log:11 - =====================================wishListTest TEST START=========================================
2024-08-14 20:10:53 INFO  Log:15 - =====================================wishListTest TEST END=========================================
2024-08-14 20:14:20 INFO  Log:11 - =====================================verifyCreateAccountPageTest TEST START=========================================
2024-08-14 20:57:52 INFO  Log:11 - =====================================loginTest TEST START=========================================
2024-08-14 20:57:52 INFO  Log:22 - user is going to click on SignIn
2024-08-14 20:58:43 INFO  Log:11 - =====================================loginTest TEST START=========================================
2024-08-14 20:58:43 INFO  Log:22 - user is going to click on SignIn
2024-08-14 21:01:55 INFO  Log:11 - =====================================loginTest TEST START=========================================
2024-08-14 21:01:55 INFO  Log:22 - user is going to click on SignIn
2024-08-14 21:02:22 INFO  Log:11 - =====================================loginTest TEST START=========================================
2024-08-14 21:02:22 INFO  Log:22 - user is going to click on SignIn
2024-08-14 21:04:58 INFO  Log:11 - =====================================addToCartTest TEST START=========================================
2024-08-14 21:05:14 INFO  Log:15 - =====================================addToCartTest TEST END=========================================
 2024-08-14 21:46:38 INFO  Log:11 - =====================================loginTest TEST START=========================================
2024-08-14 21:46:38 INFO  Log:22 - user is going to click on SignIn
2024-08-14 21:49:09 INFO  Log:11 - =====================================loginTest TEST START=========================================
2024-08-14 21:49:09 INFO  Log:22 - user is going to click on SignIn
2024-08-15 12:56:17 INFO  Log:11 - =====================================loginTest TEST START=========================================
2024-08-15 12:56:17 INFO  Log:22 - user is going to click on SignIn
2024-08-15 13:32:03 INFO  Log:11 - =====================================loginTest TEST START=========================================
2024-08-15 13:32:03 INFO  Log:22 - user is going to click on SignIn
2024-08-15 15:30:37 INFO  Log:11 - =====================================loginTest TEST START=========================================
2024-08-15 15:30:37 INFO  Log:22 - user is going to click on SignIn
2024-08-15 15:41:10 INFO  Log:11 - =====================================loginTest TEST START=========================================
2024-08-15 15:41:10 INFO  Log:22 - user is going to click on SignIn
2024-08-15 15:51:06 INFO  Log:11 - =====================================loginTest TEST START=========================================
2024-08-15 15:51:06 INFO  Log:22 - user is going to click on SignIn
2024-08-15 15:54:49 INFO  Log:11 - =====================================loginTest TEST START=========================================
2024-08-15 15:54:49 INFO  Log:22 - user is going to click on SignIn
2024-08-15 18:28:07 INFO  Log:11 - =====================================loginTest TEST START=========================================
2024-08-15 18:28:07 INFO  Log:22 - user is going to click on SignIn
2024-08-15 18:28:13 INFO  Log:22 - Enter Username and Password
2024-08-15 18:28:17 INFO  Log:22 - Verifying if user is able to login
2024-08-15 18:28:17 INFO  Log:22 - Login is Success
2024-08-15 18:28:17 INFO  Log:15 - =====================================loginTest TEST END=========================================
2024-08-15 18:40:23 INFO  Log:11 - =====================================createAccountTest TEST START=========================================
2024-08-15 18:44:20 INFO  Log:11 - =====================================createAccountTest TEST START=========================================
2024-08-15 18:44:32 INFO  Log:15 - =====================================createAccountTest TEST END=========================================
2024-08-15 18:55:34 INFO  Log:11 - =====================================Banner Test TEST START=========================================
2024-08-15 18:55:35 INFO  Log:15 - =====================================wishListTest TEST END=========================================
2024-08-15 18:56:28 INFO  Log:11 - =====================================verifyLogo TEST START=========================================
2024-08-15 18:56:28 INFO  Log:15 - =====================================verifyLogo TEST END=========================================
2024-08-15 18:56:59 INFO  Log:11 - =====================================wishListTest TEST START=========================================
2024-08-15 18:57:03 INFO  Log:15 - =====================================wishListTest TEST END=========================================
2024-08-15 18:57:36 INFO  Log:11 - =====================================verifyTotalPrice TEST START=========================================
2024-08-15 18:58:47 INFO  Log:11 - =====================================createAccountTest TEST START=========================================
2024-08-15 18:58:56 INFO  Log:15 - =====================================createAccountTest TEST END=========================================
2024-08-15 18:59:29 INFO  Log:11 - =====================================createAccountTest TEST START=========================================
2024-08-15 18:59:35 INFO  Log:15 - =====================================createAccountTest TEST END=========================================
2024-08-15 19:00:19 INFO  Log:11 - =====================================createAccountTest TEST START=========================================
2024-08-15 19:00:28 INFO  Log:15 - =====================================createAccountTest TEST END=========================================
2024-08-15 19:00:59 INFO  Log:11 - =====================================verifyCreateAccountPageTest TEST START=========================================
2024-08-15 19:02:02 INFO  Log:11 - =====================================productAvailabilityTest TEST START=========================================
2024-08-15 19:03:03 INFO  Log:11 - =====================================addToCartTest TEST START=========================================
2024-08-15 19:03:07 INFO  Log:15 - =====================================addToCartTest TEST END=========================================
2024-08-15 19:24:06 INFO  Log:11 - =====================================loginTest TEST START=========================================
2024-08-15 19:24:06 INFO  Log:22 - user is going to click on SignIn
2024-08-15 19:24:08 INFO  Log:22 - Enter Username and Password
2024-08-15 19:24:12 INFO  Log:22 - Verifying if user is able to login
2024-08-15 19:24:12 INFO  Log:22 - Login is Success
2024-08-15 19:24:12 INFO  Log:15 - =====================================loginTest TEST END=========================================
2024-08-15 19:24:13 DEBUG cache:45 - Couldn't find template in cache for "v3html/v3-html-index.ftl"("en", UTF-8, parsed); will try to load it.
2024-08-15 19:24:13 DEBUG cache:45 - TemplateLoader.findTemplateSource("v3html/v3-html-index_en.ftl"): Not found
2024-08-15 19:24:13 DEBUG cache:45 - TemplateLoader.findTemplateSource("v3html/v3-html-index.ftl"): Found
2024-08-15 19:24:13 DEBUG cache:45 - Loading template for "v3html/v3-html-index.ftl"("en", UTF-8, parsed) from "jar:file:/C:/Users/Nikita/.m2/repository/com/aventstack/extentreports/4.0.9/extentreports-4.0.9.jar!/com/aventstack/extentreports/view/v3html/v3-html-index.ftl"
2024-08-15 19:24:14 DEBUG cache:45 - Couldn't find template in cache for "v3html/v3-html-head.ftl"("en", UTF-8, parsed); will try to load it.
2024-08-15 19:24:14 DEBUG cache:45 - TemplateLoader.findTemplateSource("v3html/v3-html-head_en.ftl"): Not found
2024-08-15 19:24:14 DEBUG cache:45 - TemplateLoader.findTemplateSource("v3html/v3-html-head.ftl"): Found
2024-08-15 19:24:14 DEBUG cache:45 - Loading template for "v3html/v3-html-head.ftl"("en", UTF-8, parsed) from "jar:file:/C:/Users/Nikita/.m2/repository/com/aventstack/extentreports/4.0.9/extentreports-4.0.9.jar!/com/aventstack/extentreports/view/v3html/v3-html-head.ftl"
2024-08-15 19:24:14 DEBUG cache:45 - Couldn't find template in cache for "v3html/v3-html-nav.ftl"("en", UTF-8, parsed); will try to load it.
2024-08-15 19:24:14 DEBUG cache:45 - TemplateLoader.findTemplateSource("v3html/v3-html-nav_en.ftl"): Not found
2024-08-15 19:24:14 DEBUG cache:45 - TemplateLoader.findTemplateSource("v3html/v3-html-nav.ftl"): Found
2024-08-15 19:24:14 DEBUG cache:45 - Loading template for "v3html/v3-html-nav.ftl"("en", UTF-8, parsed) from "jar:file:/C:/Users/Nikita/.m2/repository/com/aventstack/extentreports/4.0.9/extentreports-4.0.9.jar!/com/aventstack/extentreports/view/v3html/v3-html-nav.ftl"
2024-08-15 19:24:14 DEBUG cache:45 - Couldn't find template in cache for "v3html/test-view/v3-html-test-view.ftl"("en", UTF-8, parsed); will try to load it.
2024-08-15 19:24:14 DEBUG cache:45 - TemplateLoader.findTemplateSource("v3html/test-view/v3-html-test-view_en.ftl"): Not found
2024-08-15 19:24:14 DEBUG cache:45 - TemplateLoader.findTemplateSource("v3html/test-view/v3-html-test-view.ftl"): Found
2024-08-15 19:24:14 DEBUG cache:45 - Loading template for "v3html/test-view/v3-html-test-view.ftl"("en", UTF-8, parsed) from "jar:file:/C:/Users/Nikita/.m2/repository/com/aventstack/extentreports/4.0.9/extentreports-4.0.9.jar!/com/aventstack/extentreports/view/v3html/test-view/v3-html-test-view.ftl"
2024-08-15 19:24:14 DEBUG cache:45 - Couldn't find template in cache for "v3html/test-view/v3-html-test-view-charts.ftl"("en", UTF-8, parsed); will try to load it.
2024-08-15 19:24:14 DEBUG cache:45 - TemplateLoader.findTemplateSource("v3html/test-view/v3-html-test-view-charts_en.ftl"): Not found
2024-08-15 19:24:14 DEBUG cache:45 - TemplateLoader.findTemplateSource("v3html/test-view/v3-html-test-view-charts.ftl"): Found
2024-08-15 19:24:14 DEBUG cache:45 - Loading template for "v3html/test-view/v3-html-test-view-charts.ftl"("en", UTF-8, parsed) from "jar:file:/C:/Users/Nikita/.m2/repository/com/aventstack/extentreports/4.0.9/extentreports-4.0.9.jar!/com/aventstack/extentreports/view/v3html/test-view/v3-html-test-view-charts.ftl"
2024-08-15 19:24:14 DEBUG cache:45 - Couldn't find template in cache for "v3html/test-view/v3-html-standard.ftl"("en", UTF-8, parsed); will try to load it.
2024-08-15 19:24:14 DEBUG cache:45 - TemplateLoader.findTemplateSource("v3html/test-view/v3-html-standard_en.ftl"): Not found
2024-08-15 19:24:14 DEBUG cache:45 - TemplateLoader.findTemplateSource("v3html/test-view/v3-html-standard.ftl"): Found
2024-08-15 19:24:14 DEBUG cache:45 - Loading template for "v3html/test-view/v3-html-standard.ftl"("en", UTF-8, parsed) from "jar:file:/C:/Users/Nikita/.m2/repository/com/aventstack/extentreports/4.0.9/extentreports-4.0.9.jar!/com/aventstack/extentreports/view/v3html/test-view/v3-html-standard.ftl"
2024-08-15 19:24:14 DEBUG cache:45 - Couldn't find template in cache for "v3html/category-view/v3-html-category-view.ftl"("en", UTF-8, parsed); will try to load it.
2024-08-15 19:24:14 DEBUG cache:45 - TemplateLoader.findTemplateSource("v3html/category-view/v3-html-category-view_en.ftl"): Not found
2024-08-15 19:24:14 DEBUG cache:45 - TemplateLoader.findTemplateSource("v3html/category-view/v3-html-category-view.ftl"): Found
2024-08-15 19:24:14 DEBUG cache:45 - Loading template for "v3html/category-view/v3-html-category-view.ftl"("en", UTF-8, parsed) from "jar:file:/C:/Users/Nikita/.m2/repository/com/aventstack/extentreports/4.0.9/extentreports-4.0.9.jar!/com/aventstack/extentreports/view/v3html/category-view/v3-html-category-view.ftl"
2024-08-15 19:24:14 DEBUG cache:45 - Couldn't find template in cache for "v3html/exception-view/v3-html-exception-view.ftl"("en", UTF-8, parsed); will try to load it.
2024-08-15 19:24:14 DEBUG cache:45 - TemplateLoader.findTemplateSource("v3html/exception-view/v3-html-exception-view_en.ftl"): Not found
2024-08-15 19:24:14 DEBUG cache:45 - TemplateLoader.findTemplateSource("v3html/exception-view/v3-html-exception-view.ftl"): Found
2024-08-15 19:24:14 DEBUG cache:45 - Loading template for "v3html/exception-view/v3-html-exception-view.ftl"("en", UTF-8, parsed) from "jar:file:/C:/Users/Nikita/.m2/repository/com/aventstack/extentreports/4.0.9/extentreports-4.0.9.jar!/com/aventstack/extentreports/view/v3html/exception-view/v3-html-exception-view.ftl"
2024-08-15 19:24:14 DEBUG cache:45 - Couldn't find template in cache for "v3html/author-view/v3-html-author-view.ftl"("en", UTF-8, parsed); will try to load it.
2024-08-15 19:24:14 DEBUG cache:45 - TemplateLoader.findTemplateSource("v3html/author-view/v3-html-author-view_en.ftl"): Not found
2024-08-15 19:24:14 DEBUG cache:45 - TemplateLoader.findTemplateSource("v3html/author-view/v3-html-author-view.ftl"): Found
2024-08-15 19:24:14 DEBUG cache:45 - Loading template for "v3html/author-view/v3-html-author-view.ftl"("en", UTF-8, parsed) from "jar:file:/C:/Users/Nikita/.m2/repository/com/aventstack/extentreports/4.0.9/extentreports-4.0.9.jar!/com/aventstack/extentreports/view/v3html/author-view/v3-html-author-view.ftl"
2024-08-15 19:24:14 DEBUG cache:45 - Couldn't find template in cache for "v3html/dashboard-view/v3-html-dashboard-view.ftl"("en", UTF-8, parsed); will try to load it.
2024-08-15 19:24:14 DEBUG cache:45 - TemplateLoader.findTemplateSource("v3html/dashboard-view/v3-html-dashboard-view_en.ftl"): Not found
2024-08-15 19:24:14 DEBUG cache:45 - TemplateLoader.findTemplateSource("v3html/dashboard-view/v3-html-dashboard-view.ftl"): Found
2024-08-15 19:24:14 DEBUG cache:45 - Loading template for "v3html/dashboard-view/v3-html-dashboard-view.ftl"("en", UTF-8, parsed) from "jar:file:/C:/Users/Nikita/.m2/repository/com/aventstack/extentreports/4.0.9/extentreports-4.0.9.jar!/com/aventstack/extentreports/view/v3html/dashboard-view/v3-html-dashboard-view.ftl"
2024-08-15 19:24:14 DEBUG cache:45 - Couldn't find template in cache for "v3html/logs-view/v3-html-testrunner-logs-view.ftl"("en", UTF-8, parsed); will try to load it.
2024-08-15 19:24:14 DEBUG cache:45 - TemplateLoader.findTemplateSource("v3html/logs-view/v3-html-testrunner-logs-view_en.ftl"): Not found
2024-08-15 19:24:14 DEBUG cache:45 - TemplateLoader.findTemplateSource("v3html/logs-view/v3-html-testrunner-logs-view.ftl"): Found
2024-08-15 19:24:14 DEBUG cache:45 - Loading template for "v3html/logs-view/v3-html-testrunner-logs-view.ftl"("en", UTF-8, parsed) from "jar:file:/C:/Users/Nikita/.m2/repository/com/aventstack/extentreports/4.0.9/extentreports-4.0.9.jar!/com/aventstack/extentreports/view/v3html/logs-view/v3-html-testrunner-logs-view.ftl"
2024-08-15 19:30:47 INFO  Log:11 - =====================================loginTest TEST START=========================================
2024-08-15 19:30:47 INFO  Log:22 - user is going to click on SignIn
2024-08-15 19:30:51 INFO  Log:22 - Enter Username and Password
2024-08-15 19:30:55 INFO  Log:22 - Verifying if user is able to login
2024-08-15 19:30:55 INFO  Log:22 - Login is Success
2024-08-15 19:30:55 INFO  Log:15 - =====================================loginTest TEST END=========================================
2024-08-15 19:30:56 DEBUG cache:45 - Couldn't find template in cache for "v3html/v3-html-index.ftl"("en", UTF-8, parsed); will try to load it.
2024-08-15 19:30:56 DEBUG cache:45 - TemplateLoader.findTemplateSource("v3html/v3-html-index_en.ftl"): Not found
2024-08-15 19:30:56 DEBUG cache:45 - TemplateLoader.findTemplateSource("v3html/v3-html-index.ftl"): Found
2024-08-15 19:30:56 DEBUG cache:45 - Loading template for "v3html/v3-html-index.ftl"("en", UTF-8, parsed) from "jar:file:/C:/Users/Nikita/.m2/repository/com/aventstack/extentreports/4.0.9/extentreports-4.0.9.jar!/com/aventstack/extentreports/view/v3html/v3-html-index.ftl"
2024-08-15 19:30:57 DEBUG cache:45 - Couldn't find template in cache for "v3html/v3-html-head.ftl"("en", UTF-8, parsed); will try to load it.
2024-08-15 19:30:57 DEBUG cache:45 - TemplateLoader.findTemplateSource("v3html/v3-html-head_en.ftl"): Not found
2024-08-15 19:30:57 DEBUG cache:45 - TemplateLoader.findTemplateSource("v3html/v3-html-head.ftl"): Found
2024-08-15 19:30:57 DEBUG cache:45 - Loading template for "v3html/v3-html-head.ftl"("en", UTF-8, parsed) from "jar:file:/C:/Users/Nikita/.m2/repository/com/aventstack/extentreports/4.0.9/extentreports-4.0.9.jar!/com/aventstack/extentreports/view/v3html/v3-html-head.ftl"
2024-08-15 19:30:57 DEBUG cache:45 - Couldn't find template in cache for "v3html/v3-html-nav.ftl"("en", UTF-8, parsed); will try to load it.
2024-08-15 19:30:57 DEBUG cache:45 - TemplateLoader.findTemplateSource("v3html/v3-html-nav_en.ftl"): Not found
2024-08-15 19:30:57 DEBUG cache:45 - TemplateLoader.findTemplateSource("v3html/v3-html-nav.ftl"): Found
2024-08-15 19:30:57 DEBUG cache:45 - Loading template for "v3html/v3-html-nav.ftl"("en", UTF-8, parsed) from "jar:file:/C:/Users/Nikita/.m2/repository/com/aventstack/extentreports/4.0.9/extentreports-4.0.9.jar!/com/aventstack/extentreports/view/v3html/v3-html-nav.ftl"
2024-08-15 19:30:57 DEBUG cache:45 - Couldn't find template in cache for "v3html/test-view/v3-html-test-view.ftl"("en", UTF-8, parsed); will try to load it.
2024-08-15 19:30:57 DEBUG cache:45 - TemplateLoader.findTemplateSource("v3html/test-view/v3-html-test-view_en.ftl"): Not found
2024-08-15 19:30:57 DEBUG cache:45 - TemplateLoader.findTemplateSource("v3html/test-view/v3-html-test-view.ftl"): Found
2024-08-15 19:30:57 DEBUG cache:45 - Loading template for "v3html/test-view/v3-html-test-view.ftl"("en", UTF-8, parsed) from "jar:file:/C:/Users/Nikita/.m2/repository/com/aventstack/extentreports/4.0.9/extentreports-4.0.9.jar!/com/aventstack/extentreports/view/v3html/test-view/v3-html-test-view.ftl"
2024-08-15 19:30:57 DEBUG cache:45 - Couldn't find template in cache for "v3html/test-view/v3-html-test-view-charts.ftl"("en", UTF-8, parsed); will try to load it.
2024-08-15 19:30:57 DEBUG cache:45 - TemplateLoader.findTemplateSource("v3html/test-view/v3-html-test-view-charts_en.ftl"): Not found
2024-08-15 19:30:57 DEBUG cache:45 - TemplateLoader.findTemplateSource("v3html/test-view/v3-html-test-view-charts.ftl"): Found
2024-08-15 19:30:57 DEBUG cache:45 - Loading template for "v3html/test-view/v3-html-test-view-charts.ftl"("en", UTF-8, parsed) from "jar:file:/C:/Users/Nikita/.m2/repository/com/aventstack/extentreports/4.0.9/extentreports-4.0.9.jar!/com/aventstack/extentreports/view/v3html/test-view/v3-html-test-view-charts.ftl"
2024-08-15 19:30:57 DEBUG cache:45 - Couldn't find template in cache for "v3html/test-view/v3-html-standard.ftl"("en", UTF-8, parsed); will try to load it.
2024-08-15 19:30:57 DEBUG cache:45 - TemplateLoader.findTemplateSource("v3html/test-view/v3-html-standard_en.ftl"): Not found
2024-08-15 19:30:57 DEBUG cache:45 - TemplateLoader.findTemplateSource("v3html/test-view/v3-html-standard.ftl"): Found
2024-08-15 19:30:57 DEBUG cache:45 - Loading template for "v3html/test-view/v3-html-standard.ftl"("en", UTF-8, parsed) from "jar:file:/C:/Users/Nikita/.m2/repository/com/aventstack/extentreports/4.0.9/extentreports-4.0.9.jar!/com/aventstack/extentreports/view/v3html/test-view/v3-html-standard.ftl"
2024-08-15 19:30:57 DEBUG cache:45 - Couldn't find template in cache for "v3html/category-view/v3-html-category-view.ftl"("en", UTF-8, parsed); will try to load it.
2024-08-15 19:30:57 DEBUG cache:45 - TemplateLoader.findTemplateSource("v3html/category-view/v3-html-category-view_en.ftl"): Not found
2024-08-15 19:30:57 DEBUG cache:45 - TemplateLoader.findTemplateSource("v3html/category-view/v3-html-category-view.ftl"): Found
2024-08-15 19:30:57 DEBUG cache:45 - Loading template for "v3html/category-view/v3-html-category-view.ftl"("en", UTF-8, parsed) from "jar:file:/C:/Users/Nikita/.m2/repository/com/aventstack/extentreports/4.0.9/extentreports-4.0.9.jar!/com/aventstack/extentreports/view/v3html/category-view/v3-html-category-view.ftl"
2024-08-15 19:30:57 DEBUG cache:45 - Couldn't find template in cache for "v3html/exception-view/v3-html-exception-view.ftl"("en", UTF-8, parsed); will try to load it.
2024-08-15 19:30:57 DEBUG cache:45 - TemplateLoader.findTemplateSource("v3html/exception-view/v3-html-exception-view_en.ftl"): Not found
2024-08-15 19:30:57 DEBUG cache:45 - TemplateLoader.findTemplateSource("v3html/exception-view/v3-html-exception-view.ftl"): Found
2024-08-15 19:30:57 DEBUG cache:45 - Loading template for "v3html/exception-view/v3-html-exception-view.ftl"("en", UTF-8, parsed) from "jar:file:/C:/Users/Nikita/.m2/repository/com/aventstack/extentreports/4.0.9/extentreports-4.0.9.jar!/com/aventstack/extentreports/view/v3html/exception-view/v3-html-exception-view.ftl"
2024-08-15 19:30:57 DEBUG cache:45 - Couldn't find template in cache for "v3html/author-view/v3-html-author-view.ftl"("en", UTF-8, parsed); will try to load it.
2024-08-15 19:30:57 DEBUG cache:45 - TemplateLoader.findTemplateSource("v3html/author-view/v3-html-author-view_en.ftl"): Not found
2024-08-15 19:30:57 DEBUG cache:45 - TemplateLoader.findTemplateSource("v3html/author-view/v3-html-author-view.ftl"): Found
2024-08-15 19:30:57 DEBUG cache:45 - Loading template for "v3html/author-view/v3-html-author-view.ftl"("en", UTF-8, parsed) from "jar:file:/C:/Users/Nikita/.m2/repository/com/aventstack/extentreports/4.0.9/extentreports-4.0.9.jar!/com/aventstack/extentreports/view/v3html/author-view/v3-html-author-view.ftl"
2024-08-15 19:30:57 DEBUG cache:45 - Couldn't find template in cache for "v3html/dashboard-view/v3-html-dashboard-view.ftl"("en", UTF-8, parsed); will try to load it.
2024-08-15 19:30:57 DEBUG cache:45 - TemplateLoader.findTemplateSource("v3html/dashboard-view/v3-html-dashboard-view_en.ftl"): Not found
2024-08-15 19:30:57 DEBUG cache:45 - TemplateLoader.findTemplateSource("v3html/dashboard-view/v3-html-dashboard-view.ftl"): Found
2024-08-15 19:30:57 DEBUG cache:45 - Loading template for "v3html/dashboard-view/v3-html-dashboard-view.ftl"("en", UTF-8, parsed) from "jar:file:/C:/Users/Nikita/.m2/repository/com/aventstack/extentreports/4.0.9/extentreports-4.0.9.jar!/com/aventstack/extentreports/view/v3html/dashboard-view/v3-html-dashboard-view.ftl"
2024-08-15 19:30:57 DEBUG cache:45 - Couldn't find template in cache for "v3html/logs-view/v3-html-testrunner-logs-view.ftl"("en", UTF-8, parsed); will try to load it.
2024-08-15 19:30:57 DEBUG cache:45 - TemplateLoader.findTemplateSource("v3html/logs-view/v3-html-testrunner-logs-view_en.ftl"): Not found
2024-08-15 19:30:57 DEBUG cache:45 - TemplateLoader.findTemplateSource("v3html/logs-view/v3-html-testrunner-logs-view.ftl"): Found
2024-08-15 19:30:57 DEBUG cache:45 - Loading template for "v3html/logs-view/v3-html-testrunner-logs-view.ftl"("en", UTF-8, parsed) from "jar:file:/C:/Users/Nikita/.m2/repository/com/aventstack/extentreports/4.0.9/extentreports-4.0.9.jar!/com/aventstack/extentreports/view/v3html/logs-view/v3-html-testrunner-logs-view.ftl"
2024-08-15 21:31:58 INFO  Log:11 - =====================================loginTest TEST START=========================================
2024-08-15 21:31:58 INFO  Log:22 - user is going to click on SignIn
2024-08-15 21:32:03 INFO  Log:22 - Enter Username and Password
2024-08-15 21:32:07 INFO  Log:22 - Verifying if user is able to login
2024-08-15 21:32:07 INFO  Log:22 - Login is Success
2024-08-15 21:32:07 INFO  Log:15 - =====================================loginTest TEST END=========================================
2024-08-15 21:32:09 DEBUG cache:45 - Couldn't find template in cache for "v3html/v3-html-index.ftl"("en", UTF-8, parsed); will try to load it.
2024-08-15 21:32:09 DEBUG cache:45 - TemplateLoader.findTemplateSource("v3html/v3-html-index_en.ftl"): Not found
2024-08-15 21:32:09 DEBUG cache:45 - TemplateLoader.findTemplateSource("v3html/v3-html-index.ftl"): Found
2024-08-15 21:32:09 DEBUG cache:45 - Loading template for "v3html/v3-html-index.ftl"("en", UTF-8, parsed) from "jar:file:/C:/Users/Nikita/.m2/repository/com/aventstack/extentreports/4.0.9/extentreports-4.0.9.jar!/com/aventstack/extentreports/view/v3html/v3-html-index.ftl"
2024-08-15 21:32:09 DEBUG cache:45 - Couldn't find template in cache for "v3html/v3-html-head.ftl"("en", UTF-8, parsed); will try to load it.
2024-08-15 21:32:09 DEBUG cache:45 - TemplateLoader.findTemplateSource("v3html/v3-html-head_en.ftl"): Not found
2024-08-15 21:32:09 DEBUG cache:45 - TemplateLoader.findTemplateSource("v3html/v3-html-head.ftl"): Found
2024-08-15 21:32:09 DEBUG cache:45 - Loading template for "v3html/v3-html-head.ftl"("en", UTF-8, parsed) from "jar:file:/C:/Users/Nikita/.m2/repository/com/aventstack/extentreports/4.0.9/extentreports-4.0.9.jar!/com/aventstack/extentreports/view/v3html/v3-html-head.ftl"
2024-08-15 21:32:09 DEBUG cache:45 - Couldn't find template in cache for "v3html/v3-html-nav.ftl"("en", UTF-8, parsed); will try to load it.
2024-08-15 21:32:09 DEBUG cache:45 - TemplateLoader.findTemplateSource("v3html/v3-html-nav_en.ftl"): Not found
2024-08-15 21:32:09 DEBUG cache:45 - TemplateLoader.findTemplateSource("v3html/v3-html-nav.ftl"): Found
2024-08-15 21:32:09 DEBUG cache:45 - Loading template for "v3html/v3-html-nav.ftl"("en", UTF-8, parsed) from "jar:file:/C:/Users/Nikita/.m2/repository/com/aventstack/extentreports/4.0.9/extentreports-4.0.9.jar!/com/aventstack/extentreports/view/v3html/v3-html-nav.ftl"
2024-08-15 21:32:09 DEBUG cache:45 - Couldn't find template in cache for "v3html/test-view/v3-html-test-view.ftl"("en", UTF-8, parsed); will try to load it.
2024-08-15 21:32:09 DEBUG cache:45 - TemplateLoader.findTemplateSource("v3html/test-view/v3-html-test-view_en.ftl"): Not found
2024-08-15 21:32:09 DEBUG cache:45 - TemplateLoader.findTemplateSource("v3html/test-view/v3-html-test-view.ftl"): Found
2024-08-15 21:32:09 DEBUG cache:45 - Loading template for "v3html/test-view/v3-html-test-view.ftl"("en", UTF-8, parsed) from "jar:file:/C:/Users/Nikita/.m2/repository/com/aventstack/extentreports/4.0.9/extentreports-4.0.9.jar!/com/aventstack/extentreports/view/v3html/test-view/v3-html-test-view.ftl"
2024-08-15 21:32:09 DEBUG cache:45 - Couldn't find template in cache for "v3html/test-view/v3-html-test-view-charts.ftl"("en", UTF-8, parsed); will try to load it.
2024-08-15 21:32:09 DEBUG cache:45 - TemplateLoader.findTemplateSource("v3html/test-view/v3-html-test-view-charts_en.ftl"): Not found
2024-08-15 21:32:09 DEBUG cache:45 - TemplateLoader.findTemplateSource("v3html/test-view/v3-html-test-view-charts.ftl"): Found
2024-08-15 21:32:09 DEBUG cache:45 - Loading template for "v3html/test-view/v3-html-test-view-charts.ftl"("en", UTF-8, parsed) from "jar:file:/C:/Users/Nikita/.m2/repository/com/aventstack/extentreports/4.0.9/extentreports-4.0.9.jar!/com/aventstack/extentreports/view/v3html/test-view/v3-html-test-view-charts.ftl"
2024-08-15 21:32:09 DEBUG cache:45 - Couldn't find template in cache for "v3html/test-view/v3-html-standard.ftl"("en", UTF-8, parsed); will try to load it.
2024-08-15 21:32:09 DEBUG cache:45 - TemplateLoader.findTemplateSource("v3html/test-view/v3-html-standard_en.ftl"): Not found
2024-08-15 21:32:09 DEBUG cache:45 - TemplateLoader.findTemplateSource("v3html/test-view/v3-html-standard.ftl"): Found
2024-08-15 21:32:09 DEBUG cache:45 - Loading template for "v3html/test-view/v3-html-standard.ftl"("en", UTF-8, parsed) from "jar:file:/C:/Users/Nikita/.m2/repository/com/aventstack/extentreports/4.0.9/extentreports-4.0.9.jar!/com/aventstack/extentreports/view/v3html/test-view/v3-html-standard.ftl"
2024-08-15 21:32:09 DEBUG cache:45 - Couldn't find template in cache for "v3html/category-view/v3-html-category-view.ftl"("en", UTF-8, parsed); will try to load it.
2024-08-15 21:32:09 DEBUG cache:45 - TemplateLoader.findTemplateSource("v3html/category-view/v3-html-category-view_en.ftl"): Not found
2024-08-15 21:32:09 DEBUG cache:45 - TemplateLoader.findTemplateSource("v3html/category-view/v3-html-category-view.ftl"): Found
2024-08-15 21:32:09 DEBUG cache:45 - Loading template for "v3html/category-view/v3-html-category-view.ftl"("en", UTF-8, parsed) from "jar:file:/C:/Users/Nikita/.m2/repository/com/aventstack/extentreports/4.0.9/extentreports-4.0.9.jar!/com/aventstack/extentreports/view/v3html/category-view/v3-html-category-view.ftl"
2024-08-15 21:32:09 DEBUG cache:45 - Couldn't find template in cache for "v3html/exception-view/v3-html-exception-view.ftl"("en", UTF-8, parsed); will try to load it.
2024-08-15 21:32:09 DEBUG cache:45 - TemplateLoader.findTemplateSource("v3html/exception-view/v3-html-exception-view_en.ftl"): Not found
2024-08-15 21:32:09 DEBUG cache:45 - TemplateLoader.findTemplateSource("v3html/exception-view/v3-html-exception-view.ftl"): Found
2024-08-15 21:32:09 DEBUG cache:45 - Loading template for "v3html/exception-view/v3-html-exception-view.ftl"("en", UTF-8, parsed) from "jar:file:/C:/Users/Nikita/.m2/repository/com/aventstack/extentreports/4.0.9/extentreports-4.0.9.jar!/com/aventstack/extentreports/view/v3html/exception-view/v3-html-exception-view.ftl"
2024-08-15 21:32:09 DEBUG cache:45 - Couldn't find template in cache for "v3html/author-view/v3-html-author-view.ftl"("en", UTF-8, parsed); will try to load it.
2024-08-15 21:32:09 DEBUG cache:45 - TemplateLoader.findTemplateSource("v3html/author-view/v3-html-author-view_en.ftl"): Not found
2024-08-15 21:32:09 DEBUG cache:45 - TemplateLoader.findTemplateSource("v3html/author-view/v3-html-author-view.ftl"): Found
2024-08-15 21:32:09 DEBUG cache:45 - Loading template for "v3html/author-view/v3-html-author-view.ftl"("en", UTF-8, parsed) from "jar:file:/C:/Users/Nikita/.m2/repository/com/aventstack/extentreports/4.0.9/extentreports-4.0.9.jar!/com/aventstack/extentreports/view/v3html/author-view/v3-html-author-view.ftl"
2024-08-15 21:32:09 DEBUG cache:45 - Couldn't find template in cache for "v3html/dashboard-view/v3-html-dashboard-view.ftl"("en", UTF-8, parsed); will try to load it.
2024-08-15 21:32:09 DEBUG cache:45 - TemplateLoader.findTemplateSource("v3html/dashboard-view/v3-html-dashboard-view_en.ftl"): Not found
2024-08-15 21:32:09 DEBUG cache:45 - TemplateLoader.findTemplateSource("v3html/dashboard-view/v3-html-dashboard-view.ftl"): Found
2024-08-15 21:32:09 DEBUG cache:45 - Loading template for "v3html/dashboard-view/v3-html-dashboard-view.ftl"("en", UTF-8, parsed) from "jar:file:/C:/Users/Nikita/.m2/repository/com/aventstack/extentreports/4.0.9/extentreports-4.0.9.jar!/com/aventstack/extentreports/view/v3html/dashboard-view/v3-html-dashboard-view.ftl"
2024-08-15 21:32:09 DEBUG cache:45 - Couldn't find template in cache for "v3html/logs-view/v3-html-testrunner-logs-view.ftl"("en", UTF-8, parsed); will try to load it.
2024-08-15 21:32:09 DEBUG cache:45 - TemplateLoader.findTemplateSource("v3html/logs-view/v3-html-testrunner-logs-view_en.ftl"): Not found
2024-08-15 21:32:09 DEBUG cache:45 - TemplateLoader.findTemplateSource("v3html/logs-view/v3-html-testrunner-logs-view.ftl"): Found
2024-08-15 21:32:09 DEBUG cache:45 - Loading template for "v3html/logs-view/v3-html-testrunner-logs-view.ftl"("en", UTF-8, parsed) from "jar:file:/C:/Users/Nikita/.m2/repository/com/aventstack/extentreports/4.0.9/extentreports-4.0.9.jar!/com/aventstack/extentreports/view/v3html/logs-view/v3-html-testrunner-logs-view.ftl"
2024-08-15 21:36:24 INFO  Log:11 - =====================================Banner Test TEST START=========================================
2024-08-15 21:37:45 INFO  Log:11 - =====================================verifyLogo TEST START=========================================
2024-08-15 21:37:45 INFO  Log:15 - =====================================verifyLogo TEST END=========================================
2024-08-15 21:38:37 INFO  Log:11 - =====================================wishListTest TEST START=========================================
2024-08-15 21:38:41 INFO  Log:15 - =====================================wishListTest TEST END=========================================
